1409109564136:	the length is 5
1409109564136:	the group size is 3
1409109564136:	the current node no is 0
1409109564136:	the ip address is 127.0.0.1:8000
1409109564136:	the current node no is 1
1409109564136:	the ip address is 127.0.0.1:8001
1409109564136:	the current node no is 2
1409109564136:	the ip address is 127.0.0.1:8002
1409109564136:	current node's ip address is 127.0.0.1:8000
1409109564136:	current node's db name is node_test_0
1409109564136:	The Path To The Database Will Be ./.db/node_test_0.
1409109564136:	DB Initialization Finished
1409109564136:	Node 0 Starts Running
1409109564136:	Connected to Node 1
1409109564136:	Connection refused (2)
1409109564137:	a new connection is established and the socket is 7
1409109565137:	Leader Tries To Ping Other Nodes
1409109565137:	Send Ping Msg To Node 1
1409109566138:	a new connection is established and the socket is 10
1409109566138:	Leader Tries To Ping Other Nodes
1409109566138:	Send Ping Msg To Node 1
1409109566138:	Connected to Node 2
1409109567139:	Leader Tries To Ping Other Nodes
1409109567139:	Send Ping Msg To Node 1
1409109567139:	Send Ping Msg To Node 2
1409109568141:	Leader Tries To Ping Other Nodes
1409109568141:	Send Ping Msg To Node 1
1409109568141:	Send Ping Msg To Node 2
1409109569142:	Leader Tries To Ping Other Nodes
1409109569143:	Send Ping Msg To Node 1
1409109569143:	Send Ping Msg To Node 2
1409109570144:	Leader Tries To Ping Other Nodes
1409109570144:	Send Ping Msg To Node 1
1409109570144:	Send Ping Msg To Node 2
1409109571146:	Leader Tries To Ping Other Nodes
1409109571146:	Send Ping Msg To Node 1
1409109571146:	Send Ping Msg To Node 2
1409109572147:	Leader Tries To Ping Other Nodes
1409109572148:	Send Ping Msg To Node 1
1409109572148:	Send Ping Msg To Node 2
1409109573149:	Leader Tries To Ping Other Nodes
1409109573149:	Send Ping Msg To Node 1
1409109573149:	Send Ping Msg To Node 2
1409109574151:	Leader Tries To Ping Other Nodes
1409109574151:	Send Ping Msg To Node 1
1409109574151:	Send Ping Msg To Node 2
1409109575152:	Leader Tries To Ping Other Nodes
1409109575153:	Send Ping Msg To Node 1
1409109575153:	Send Ping Msg To Node 2
1409109576153:	Leader Tries To Ping Other Nodes
1409109576153:	Send Ping Msg To Node 1
1409109576153:	Send Ping Msg To Node 2
1409109577155:	Leader Tries To Ping Other Nodes
1409109577155:	Send Ping Msg To Node 1
1409109577155:	Send Ping Msg To Node 2
1409109578156:	Leader Tries To Ping Other Nodes
1409109578157:	Send Ping Msg To Node 1
1409109578157:	Send Ping Msg To Node 2
1409109579158:	Leader Tries To Ping Other Nodes
1409109579158:	Send Ping Msg To Node 1
1409109579158:	Send Ping Msg To Node 2
1409109580160:	Leader Tries To Ping Other Nodes
1409109580160:	Send Ping Msg To Node 1
1409109580160:	Send Ping Msg To Node 2
1409109581161:	Leader Tries To Ping Other Nodes
1409109581162:	Send Ping Msg To Node 1
1409109581162:	Send Ping Msg To Node 2
1409109582163:	Leader Tries To Ping Other Nodes
1409109582163:	Send Ping Msg To Node 1
1409109582163:	Send Ping Msg To Node 2
1409109583165:	Leader Tries To Ping Other Nodes
1409109583165:	Send Ping Msg To Node 1
1409109583165:	Send Ping Msg To Node 2
1409109584166:	Leader Tries To Ping Other Nodes
1409109584167:	Send Ping Msg To Node 1
1409109584167:	Send Ping Msg To Node 2
1409109585168:	Leader Tries To Ping Other Nodes
1409109585168:	Send Ping Msg To Node 1
1409109585168:	Send Ping Msg To Node 2
1409109586170:	Leader Tries To Ping Other Nodes
1409109586170:	Send Ping Msg To Node 1
1409109586170:	Send Ping Msg To Node 2
1409109587172:	Leader Tries To Ping Other Nodes
1409109587172:	Send Ping Msg To Node 1
1409109587172:	Send Ping Msg To Node 2
1409109588173:	Leader Tries To Ping Other Nodes
1409109588173:	Send Ping Msg To Node 1
1409109588173:	Send Ping Msg To Node 2
1409109589175:	Leader Tries To Ping Other Nodes
1409109589175:	Send Ping Msg To Node 1
1409109589175:	Send Ping Msg To Node 2
1409109590176:	Leader Tries To Ping Other Nodes
1409109590177:	Send Ping Msg To Node 1
1409109590177:	Send Ping Msg To Node 2
1409109591178:	Leader Tries To Ping Other Nodes
1409109591178:	Send Ping Msg To Node 1
1409109591178:	Send Ping Msg To Node 2
1409109592180:	Leader Tries To Ping Other Nodes
1409109592180:	Send Ping Msg To Node 1
1409109592180:	Send Ping Msg To Node 2
1409109593181:	Leader Tries To Ping Other Nodes
1409109593182:	Send Ping Msg To Node 1
1409109593182:	Send Ping Msg To Node 2
1409109594183:	Leader Tries To Ping Other Nodes
1409109594183:	Send Ping Msg To Node 1
1409109594183:	Send Ping Msg To Node 2
1409109595185:	Leader Tries To Ping Other Nodes
1409109595185:	Send Ping Msg To Node 1
1409109595185:	Send Ping Msg To Node 2
1409109596187:	Leader Tries To Ping Other Nodes
1409109596187:	Send Ping Msg To Node 1
1409109596187:	Send Ping Msg To Node 2
1409109597188:	Leader Tries To Ping Other Nodes
1409109597188:	Send Ping Msg To Node 1
1409109597188:	Send Ping Msg To Node 2
1409109598189:	Leader Tries To Ping Other Nodes
1409109598189:	Send Ping Msg To Node 1
1409109598189:	Send Ping Msg To Node 2
1409109599190:	Leader Tries To Ping Other Nodes
1409109599190:	Send Ping Msg To Node 1
1409109599190:	Send Ping Msg To Node 2
1409109600192:	Leader Tries To Ping Other Nodes
1409109600192:	Send Ping Msg To Node 1
1409109600192:	Send Ping Msg To Node 2
1409109601194:	Leader Tries To Ping Other Nodes
1409109601194:	Send Ping Msg To Node 1
1409109601194:	Send Ping Msg To Node 2
1409109602195:	Leader Tries To Ping Other Nodes
1409109602195:	Send Ping Msg To Node 1
1409109602196:	Send Ping Msg To Node 2
1409109603197:	Leader Tries To Ping Other Nodes
1409109603197:	Send Ping Msg To Node 1
1409109603197:	Send Ping Msg To Node 2
1409109604199:	Leader Tries To Ping Other Nodes
1409109604199:	Send Ping Msg To Node 1
1409109604199:	Send Ping Msg To Node 2
1409109605200:	Leader Tries To Ping Other Nodes
1409109605201:	Send Ping Msg To Node 1
1409109605201:	Send Ping Msg To Node 2
1409109606202:	Leader Tries To Ping Other Nodes
1409109606202:	Send Ping Msg To Node 1
1409109606202:	Send Ping Msg To Node 2
1409109607204:	Leader Tries To Ping Other Nodes
1409109607204:	Send Ping Msg To Node 1
1409109607204:	Send Ping Msg To Node 2
1409109608205:	Leader Tries To Ping Other Nodes
1409109608205:	Send Ping Msg To Node 1
1409109608205:	Send Ping Msg To Node 2
1409109609207:	Leader Tries To Ping Other Nodes
1409109609207:	Send Ping Msg To Node 1
1409109609207:	Send Ping Msg To Node 2
1409109610209:	Leader Tries To Ping Other Nodes
1409109610209:	Send Ping Msg To Node 1
1409109610209:	Send Ping Msg To Node 2
1409109611210:	Leader Tries To Ping Other Nodes
1409109611210:	Send Ping Msg To Node 1
1409109611211:	Send Ping Msg To Node 2
1409109612212:	Leader Tries To Ping Other Nodes
1409109612212:	Send Ping Msg To Node 1
1409109612212:	Send Ping Msg To Node 2
1409109613214:	Leader Tries To Ping Other Nodes
1409109613214:	Send Ping Msg To Node 1
1409109613214:	Send Ping Msg To Node 2
1409109614215:	Leader Tries To Ping Other Nodes
1409109614215:	Send Ping Msg To Node 1
1409109614216:	Send Ping Msg To Node 2
1409109615217:	Leader Tries To Ping Other Nodes
1409109615217:	Send Ping Msg To Node 1
1409109615217:	Send Ping Msg To Node 2
1409109616219:	Leader Tries To Ping Other Nodes
1409109616219:	Send Ping Msg To Node 1
1409109616219:	Send Ping Msg To Node 2
1409109617220:	Leader Tries To Ping Other Nodes
1409109617220:	Send Ping Msg To Node 1
1409109617220:	Send Ping Msg To Node 2
1409109618222:	Leader Tries To Ping Other Nodes
1409109618222:	Send Ping Msg To Node 1
1409109618222:	Send Ping Msg To Node 2
1409109619224:	Leader Tries To Ping Other Nodes
1409109619224:	Send Ping Msg To Node 1
1409109619224:	Send Ping Msg To Node 2
1409109620225:	Leader Tries To Ping Other Nodes
1409109620225:	Send Ping Msg To Node 1
1409109620226:	Send Ping Msg To Node 2
1409109621227:	Leader Tries To Ping Other Nodes
1409109621227:	Send Ping Msg To Node 1
1409109621227:	Send Ping Msg To Node 2
1409109622229:	Leader Tries To Ping Other Nodes
1409109622229:	Send Ping Msg To Node 1
1409109622229:	Send Ping Msg To Node 2
1409109623230:	Leader Tries To Ping Other Nodes
1409109623230:	Send Ping Msg To Node 1
1409109623230:	Send Ping Msg To Node 2
1409109624232:	Leader Tries To Ping Other Nodes
1409109624232:	Send Ping Msg To Node 1
1409109624232:	Send Ping Msg To Node 2
1409109625234:	Leader Tries To Ping Other Nodes
1409109625234:	Send Ping Msg To Node 1
1409109625234:	Send Ping Msg To Node 2
1409109626235:	Leader Tries To Ping Other Nodes
1409109626235:	Send Ping Msg To Node 1
1409109626235:	Send Ping Msg To Node 2
1409109627237:	Leader Tries To Ping Other Nodes
1409109627237:	Send Ping Msg To Node 1
1409109627237:	Send Ping Msg To Node 2
1409109628239:	Leader Tries To Ping Other Nodes
1409109628239:	Send Ping Msg To Node 1
1409109628239:	Send Ping Msg To Node 2
1409109629240:	Leader Tries To Ping Other Nodes
1409109629240:	Send Ping Msg To Node 1
1409109629240:	Send Ping Msg To Node 2
1409109630242:	Leader Tries To Ping Other Nodes
1409109630242:	Send Ping Msg To Node 1
1409109630242:	Send Ping Msg To Node 2
1409109631244:	Leader Tries To Ping Other Nodes
1409109631244:	Send Ping Msg To Node 1
1409109631244:	Send Ping Msg To Node 2
1409109632245:	Leader Tries To Ping Other Nodes
1409109632245:	Send Ping Msg To Node 1
1409109632245:	Send Ping Msg To Node 2
1409109633247:	Leader Tries To Ping Other Nodes
1409109633247:	Send Ping Msg To Node 1
1409109633247:	Send Ping Msg To Node 2
1409109634249:	Leader Tries To Ping Other Nodes
1409109634249:	Send Ping Msg To Node 1
1409109634249:	Send Ping Msg To Node 2
1409109635250:	Leader Tries To Ping Other Nodes
1409109635250:	Send Ping Msg To Node 1
1409109635250:	Send Ping Msg To Node 2
1409109636252:	Leader Tries To Ping Other Nodes
1409109636252:	Send Ping Msg To Node 1
1409109636252:	Send Ping Msg To Node 2
1409109637254:	Leader Tries To Ping Other Nodes
1409109637254:	Send Ping Msg To Node 1
1409109637254:	Send Ping Msg To Node 2
1409109638255:	Leader Tries To Ping Other Nodes
1409109638255:	Send Ping Msg To Node 1
1409109638255:	Send Ping Msg To Node 2
